<?xml version="1.0" encoding="UTF-8"?>
<testsuite name="sunya.electionguard.TestBallotBox" tests="4" skipped="0" failures="0" errors="0" timestamp="2020-12-14T04:10:40" hostname="jlc" time="6.459">
  <properties/>
  <testcase name="test_ballot_box_spoil_ballot" classname="sunya.electionguard.TestBallotBox" time="1.875"/>
  <testcase name="test_ballot_box_cast_ballot" classname="sunya.electionguard.TestBallotBox" time="1.724"/>
  <testcase name="test_cast_ballot" classname="sunya.electionguard.TestBallotBox" time="1.43"/>
  <testcase name="test_spoil_ballot" classname="sunya.electionguard.TestBallotBox" time="1.429"/>
  <system-out><![CDATA[]]></system-out>
  <system-err><![CDATA[]]></system-err>
</testsuite>
